Info:  Net r:/WORK/System_Top_DFT/SO[2] is undriven.
Info:  Net r:/WORK/System_Top_DFT/SO[1] is undriven.
Info:  Net r:/WORK/System_Top_DFT/SO[0] is undriven.
Info:  Net i:/WORK/ALU_OPER_WIDTH8_DW_div_uns_0/remainder[7] is undriven.
Info:  Net i:/WORK/ALU_OPER_WIDTH8_DW_div_uns_0/remainder[6] is undriven.
Info:  Net i:/WORK/ALU_OPER_WIDTH8_DW_div_uns_0/remainder[5] is undriven.
Info:  Net i:/WORK/ALU_OPER_WIDTH8_DW_div_uns_0/remainder[4] is undriven.
Info:  Net i:/WORK/ALU_OPER_WIDTH8_DW_div_uns_0/remainder[3] is undriven.
Info:  Net i:/WORK/ALU_OPER_WIDTH8_DW_div_uns_0/remainder[2] is undriven.
Info:  Net i:/WORK/ALU_OPER_WIDTH8_DW_div_uns_0/remainder[1] is undriven.
Info:  Net i:/WORK/ALU_OPER_WIDTH8_DW_div_uns_0/remainder[0] is undriven.
Info:  Net i:/WORK/ALU_OPER_WIDTH8_DW_div_uns_0/divide_by_0 is undriven.
Info:  Net i:/WORK/ALU_OPER_WIDTH8_DW01_sub_0/CO is undriven.
Info:  Net i:/WORK/ALU_OPER_WIDTH8_DW01_add_0/CO is undriven.
Info:  Net i:/WORK/ALU_OPER_WIDTH8_DW01_add_1/CO is undriven.
Info:  guide_uniquify 96 (Line: 753)  Cannot find object "U1_CLK_DIV/U12" in design 'System_Top_DFT'.
Info:  SVF Operation 96 (Line: 753) - uniquify.  Status: rejected
Info:  guide_uniquify 96 (Line: 753)  Cannot find object "U0_CLK_DIV/U12" in design 'System_Top_DFT'.
Info:  guide_uniquify 96 (Line: 753)  Cannot find object "M7/U1" in design 'System_Top_DFT'.
Info:  guide_uniquify 96 (Line: 753)  Cannot find object "M6/U1" in design 'System_Top_DFT'.
Info:  guide_uniquify 96 (Line: 753)  Cannot find object "M5/U1" in design 'System_Top_DFT'.
Info:  guide_uniquify 96 (Line: 753)  Cannot find object "M4/U1" in design 'System_Top_DFT'.
Info:  guide_uniquify 104 (Line: 803)  Cannot find object "U_ALU/dp_cluster_0/mult_38" in design 'System_Top_DFT'.
Info:  Pre-verification of r:/WORK/ALU_OPER_WIDTH8/div_39 SUCCEEDED.
Info:  Pre-verification of r:/WORK/ALU_OPER_WIDTH8/mult_38 SUCCEEDED.
