 
****************************************
Report : clocks
Design : System_Top
Version: K-2015.06
Date   : Tue Sep 23 20:35:18 2025
****************************************

Attributes:
    d - dont_touch_network
    f - fix_hold
    p - propagated_clock
    G - generated_clock
    g - lib_generated_clock

Clock          Period   Waveform            Attrs     Sources
--------------------------------------------------------------------------------
ALU_CLK         20.00   {0 10}              G         {U_CLK_GATE/GATED_CLK}
REF_CLK         20.00   {0 10}                        {REF_CLK}
RX_CLK         271.30   {0 135.648}         G         {U1_CLK_DIV/o_div_clk}
TX_CLK        8681.50   {0 4340.75}         G         {U0_CLK_DIV/o_div_clk}
UART_CLK       271.30   {0 135.648}                   {UART_CLK}
--------------------------------------------------------------------------------

Generated     Master         Generated      Master         Waveform
Clock         Source         Source         Clock          Modification
--------------------------------------------------------------------------------
ALU_CLK       REF_CLK        {U_CLK_GATE/GATED_CLK}
                                            REF_CLK        divide_by(1)
RX_CLK        UART_CLK       {U1_CLK_DIV/o_div_clk}
                                            UART_CLK       divide_by(1)
TX_CLK        UART_CLK       {U0_CLK_DIV/o_div_clk}
                                            UART_CLK       divide_by(32)
--------------------------------------------------------------------------------
1
