**************************************************
Report         : passing_points

Reference      : r:/WORK/System_Top
Implementation : i:/WORK/System_Top
Version        : L-2016.03-SP1
Date           : Tue Sep 23 20:47:24 2025
**************************************************

371 Passing compare points:

  Ref  LAT        r:/WORK/System_Top/U_CLK_GATE/U0_TLATNCAX12M
  Impl LAT        i:/WORK/System_Top/U_CLK_GATE/U0_TLATNCAX12M

  Ref  DFF        r:/WORK/System_Top/RST_SYNC_1/sync_ff_reg[0]
  Impl DFF        i:/WORK/System_Top/RST_SYNC_1/sync_ff_reg[0]

  Ref  DFF        r:/WORK/System_Top/RST_SYNC_1/sync_ff_reg[1]
  Impl DFF        i:/WORK/System_Top/RST_SYNC_1/sync_ff_reg[1]

  Ref  DFF        r:/WORK/System_Top/RST_SYNC_2/sync_ff_reg[0]
  Impl DFF        i:/WORK/System_Top/RST_SYNC_2/sync_ff_reg[0]

  Ref  DFF        r:/WORK/System_Top/RST_SYNC_2/sync_ff_reg[1]
  Impl DFF        i:/WORK/System_Top/RST_SYNC_2/sync_ff_reg[1]

  Ref  DFF        r:/WORK/System_Top/U0_CLK_DIV/counter_reg[0]
  Impl DFF        i:/WORK/System_Top/U0_CLK_DIV/counter_reg[0]

  Ref  DFF        r:/WORK/System_Top/U0_CLK_DIV/counter_reg[1]
  Impl DFF        i:/WORK/System_Top/U0_CLK_DIV/counter_reg[1]

  Ref  DFF        r:/WORK/System_Top/U0_CLK_DIV/counter_reg[2]
  Impl DFF        i:/WORK/System_Top/U0_CLK_DIV/counter_reg[2]

  Ref  DFF        r:/WORK/System_Top/U0_CLK_DIV/counter_reg[3]
  Impl DFF        i:/WORK/System_Top/U0_CLK_DIV/counter_reg[3]

  Ref  DFF        r:/WORK/System_Top/U0_CLK_DIV/counter_reg[4]
  Impl DFF        i:/WORK/System_Top/U0_CLK_DIV/counter_reg[4]

  Ref  DFF        r:/WORK/System_Top/U0_CLK_DIV/counter_reg[5]
  Impl DFF        i:/WORK/System_Top/U0_CLK_DIV/counter_reg[5]

  Ref  DFF        r:/WORK/System_Top/U0_CLK_DIV/counter_reg[6]
  Impl DFF        i:/WORK/System_Top/U0_CLK_DIV/counter_reg[6]

  Ref  DFF        r:/WORK/System_Top/U0_CLK_DIV/counter_reg[7]
  Impl DFF        i:/WORK/System_Top/U0_CLK_DIV/counter_reg[7]

  Ref  DFF        r:/WORK/System_Top/U0_CLK_DIV/div_clk_reg
  Impl DFF        i:/WORK/System_Top/U0_CLK_DIV/div_clk_reg

  Ref  DFF        r:/WORK/System_Top/U0_CLK_DIV/flag_reg
  Impl DFF        i:/WORK/System_Top/U0_CLK_DIV/flag_reg

  Ref  DFF        r:/WORK/System_Top/U1_CLK_DIV/counter_reg[0]
  Impl DFF        i:/WORK/System_Top/U1_CLK_DIV/counter_reg[0]

  Ref  DFF        r:/WORK/System_Top/U1_CLK_DIV/counter_reg[1]
  Impl DFF        i:/WORK/System_Top/U1_CLK_DIV/counter_reg[1]

  Ref  DFF        r:/WORK/System_Top/U1_CLK_DIV/counter_reg[2]
  Impl DFF        i:/WORK/System_Top/U1_CLK_DIV/counter_reg[2]

  Ref  DFF        r:/WORK/System_Top/U1_CLK_DIV/counter_reg[3]
  Impl DFF        i:/WORK/System_Top/U1_CLK_DIV/counter_reg[3]

  Ref  DFF        r:/WORK/System_Top/U1_CLK_DIV/counter_reg[4]
  Impl DFF        i:/WORK/System_Top/U1_CLK_DIV/counter_reg[4]

  Ref  DFF        r:/WORK/System_Top/U1_CLK_DIV/counter_reg[5]
  Impl DFF        i:/WORK/System_Top/U1_CLK_DIV/counter_reg[5]

  Ref  DFF        r:/WORK/System_Top/U1_CLK_DIV/counter_reg[6]
  Impl DFF        i:/WORK/System_Top/U1_CLK_DIV/counter_reg[6]

  Ref  DFF        r:/WORK/System_Top/U1_CLK_DIV/counter_reg[7]
  Impl DFF        i:/WORK/System_Top/U1_CLK_DIV/counter_reg[7]

  Ref  DFF        r:/WORK/System_Top/U1_CLK_DIV/div_clk_reg
  Impl DFF        i:/WORK/System_Top/U1_CLK_DIV/div_clk_reg

  Ref  DFF        r:/WORK/System_Top/U_ALU/ALU_OUT_reg[0]
  Impl DFF        i:/WORK/System_Top/U_ALU/ALU_OUT_reg[0]

  Ref  DFF        r:/WORK/System_Top/U_ALU/ALU_OUT_reg[10]
  Impl DFF        i:/WORK/System_Top/U_ALU/ALU_OUT_reg[10]

  Ref  DFF        r:/WORK/System_Top/U_ALU/ALU_OUT_reg[11]
  Impl DFF        i:/WORK/System_Top/U_ALU/ALU_OUT_reg[11]

  Ref  DFF        r:/WORK/System_Top/U_ALU/ALU_OUT_reg[12]
  Impl DFF        i:/WORK/System_Top/U_ALU/ALU_OUT_reg[12]

  Ref  DFF        r:/WORK/System_Top/U_ALU/ALU_OUT_reg[13]
  Impl DFF        i:/WORK/System_Top/U_ALU/ALU_OUT_reg[13]

  Ref  DFF        r:/WORK/System_Top/U_ALU/ALU_OUT_reg[14]
  Impl DFF        i:/WORK/System_Top/U_ALU/ALU_OUT_reg[14]

  Ref  DFF        r:/WORK/System_Top/U_ALU/ALU_OUT_reg[15]
  Impl DFF        i:/WORK/System_Top/U_ALU/ALU_OUT_reg[15]

  Ref  DFF        r:/WORK/System_Top/U_ALU/ALU_OUT_reg[1]
  Impl DFF        i:/WORK/System_Top/U_ALU/ALU_OUT_reg[1]

  Ref  DFF        r:/WORK/System_Top/U_ALU/ALU_OUT_reg[2]
  Impl DFF        i:/WORK/System_Top/U_ALU/ALU_OUT_reg[2]

  Ref  DFF        r:/WORK/System_Top/U_ALU/ALU_OUT_reg[3]
  Impl DFF        i:/WORK/System_Top/U_ALU/ALU_OUT_reg[3]

  Ref  DFF        r:/WORK/System_Top/U_ALU/ALU_OUT_reg[4]
  Impl DFF        i:/WORK/System_Top/U_ALU/ALU_OUT_reg[4]

  Ref  DFF        r:/WORK/System_Top/U_ALU/ALU_OUT_reg[5]
  Impl DFF        i:/WORK/System_Top/U_ALU/ALU_OUT_reg[5]

  Ref  DFF        r:/WORK/System_Top/U_ALU/ALU_OUT_reg[6]
  Impl DFF        i:/WORK/System_Top/U_ALU/ALU_OUT_reg[6]

  Ref  DFF        r:/WORK/System_Top/U_ALU/ALU_OUT_reg[7]
  Impl DFF        i:/WORK/System_Top/U_ALU/ALU_OUT_reg[7]

  Ref  DFF        r:/WORK/System_Top/U_ALU/ALU_OUT_reg[8]
  Impl DFF        i:/WORK/System_Top/U_ALU/ALU_OUT_reg[8]

  Ref  DFF        r:/WORK/System_Top/U_ALU/ALU_OUT_reg[9]
  Impl DFF        i:/WORK/System_Top/U_ALU/ALU_OUT_reg[9]

  Ref  DFF        r:/WORK/System_Top/U_ALU/OUT_VALID_reg
  Impl DFF        i:/WORK/System_Top/U_ALU/OUT_VALID_reg

  Ref  DFF        r:/WORK/System_Top/U_ASYNC_FIFO/U0_FIFO_MEM/mem_reg[0][0]
  Impl DFF        i:/WORK/System_Top/U_ASYNC_FIFO/U0_FIFO_MEM/mem_reg[0][0]

  Ref  DFF        r:/WORK/System_Top/U_ASYNC_FIFO/U0_FIFO_MEM/mem_reg[0][1]
  Impl DFF        i:/WORK/System_Top/U_ASYNC_FIFO/U0_FIFO_MEM/mem_reg[0][1]

  Ref  DFF        r:/WORK/System_Top/U_ASYNC_FIFO/U0_FIFO_MEM/mem_reg[0][2]
  Impl DFF        i:/WORK/System_Top/U_ASYNC_FIFO/U0_FIFO_MEM/mem_reg[0][2]

  Ref  DFF        r:/WORK/System_Top/U_ASYNC_FIFO/U0_FIFO_MEM/mem_reg[0][3]
  Impl DFF        i:/WORK/System_Top/U_ASYNC_FIFO/U0_FIFO_MEM/mem_reg[0][3]

  Ref  DFF        r:/WORK/System_Top/U_ASYNC_FIFO/U0_FIFO_MEM/mem_reg[0][4]
  Impl DFF        i:/WORK/System_Top/U_ASYNC_FIFO/U0_FIFO_MEM/mem_reg[0][4]

  Ref  DFF        r:/WORK/System_Top/U_ASYNC_FIFO/U0_FIFO_MEM/mem_reg[0][5]
  Impl DFF        i:/WORK/System_Top/U_ASYNC_FIFO/U0_FIFO_MEM/mem_reg[0][5]

  Ref  DFF        r:/WORK/System_Top/U_ASYNC_FIFO/U0_FIFO_MEM/mem_reg[0][6]
  Impl DFF        i:/WORK/System_Top/U_ASYNC_FIFO/U0_FIFO_MEM/mem_reg[0][6]

  Ref  DFF        r:/WORK/System_Top/U_ASYNC_FIFO/U0_FIFO_MEM/mem_reg[0][7]
  Impl DFF        i:/WORK/System_Top/U_ASYNC_FIFO/U0_FIFO_MEM/mem_reg[0][7]

  Ref  DFF        r:/WORK/System_Top/U_ASYNC_FIFO/U0_FIFO_MEM/mem_reg[1][0]
  Impl DFF        i:/WORK/System_Top/U_ASYNC_FIFO/U0_FIFO_MEM/mem_reg[1][0]

  Ref  DFF        r:/WORK/System_Top/U_ASYNC_FIFO/U0_FIFO_MEM/mem_reg[1][1]
  Impl DFF        i:/WORK/System_Top/U_ASYNC_FIFO/U0_FIFO_MEM/mem_reg[1][1]

  Ref  DFF        r:/WORK/System_Top/U_ASYNC_FIFO/U0_FIFO_MEM/mem_reg[1][2]
  Impl DFF        i:/WORK/System_Top/U_ASYNC_FIFO/U0_FIFO_MEM/mem_reg[1][2]

  Ref  DFF        r:/WORK/System_Top/U_ASYNC_FIFO/U0_FIFO_MEM/mem_reg[1][3]
  Impl DFF        i:/WORK/System_Top/U_ASYNC_FIFO/U0_FIFO_MEM/mem_reg[1][3]

  Ref  DFF        r:/WORK/System_Top/U_ASYNC_FIFO/U0_FIFO_MEM/mem_reg[1][4]
  Impl DFF        i:/WORK/System_Top/U_ASYNC_FIFO/U0_FIFO_MEM/mem_reg[1][4]

  Ref  DFF        r:/WORK/System_Top/U_ASYNC_FIFO/U0_FIFO_MEM/mem_reg[1][5]
  Impl DFF        i:/WORK/System_Top/U_ASYNC_FIFO/U0_FIFO_MEM/mem_reg[1][5]

  Ref  DFF        r:/WORK/System_Top/U_ASYNC_FIFO/U0_FIFO_MEM/mem_reg[1][6]
  Impl DFF        i:/WORK/System_Top/U_ASYNC_FIFO/U0_FIFO_MEM/mem_reg[1][6]

  Ref  DFF        r:/WORK/System_Top/U_ASYNC_FIFO/U0_FIFO_MEM/mem_reg[1][7]
  Impl DFF        i:/WORK/System_Top/U_ASYNC_FIFO/U0_FIFO_MEM/mem_reg[1][7]

  Ref  DFF        r:/WORK/System_Top/U_ASYNC_FIFO/U0_FIFO_MEM/mem_reg[2][0]
  Impl DFF        i:/WORK/System_Top/U_ASYNC_FIFO/U0_FIFO_MEM/mem_reg[2][0]

  Ref  DFF        r:/WORK/System_Top/U_ASYNC_FIFO/U0_FIFO_MEM/mem_reg[2][1]
  Impl DFF        i:/WORK/System_Top/U_ASYNC_FIFO/U0_FIFO_MEM/mem_reg[2][1]

  Ref  DFF        r:/WORK/System_Top/U_ASYNC_FIFO/U0_FIFO_MEM/mem_reg[2][2]
  Impl DFF        i:/WORK/System_Top/U_ASYNC_FIFO/U0_FIFO_MEM/mem_reg[2][2]

  Ref  DFF        r:/WORK/System_Top/U_ASYNC_FIFO/U0_FIFO_MEM/mem_reg[2][3]
  Impl DFF        i:/WORK/System_Top/U_ASYNC_FIFO/U0_FIFO_MEM/mem_reg[2][3]

  Ref  DFF        r:/WORK/System_Top/U_ASYNC_FIFO/U0_FIFO_MEM/mem_reg[2][4]
  Impl DFF        i:/WORK/System_Top/U_ASYNC_FIFO/U0_FIFO_MEM/mem_reg[2][4]

  Ref  DFF        r:/WORK/System_Top/U_ASYNC_FIFO/U0_FIFO_MEM/mem_reg[2][5]
  Impl DFF        i:/WORK/System_Top/U_ASYNC_FIFO/U0_FIFO_MEM/mem_reg[2][5]

  Ref  DFF        r:/WORK/System_Top/U_ASYNC_FIFO/U0_FIFO_MEM/mem_reg[2][6]
  Impl DFF        i:/WORK/System_Top/U_ASYNC_FIFO/U0_FIFO_MEM/mem_reg[2][6]

  Ref  DFF        r:/WORK/System_Top/U_ASYNC_FIFO/U0_FIFO_MEM/mem_reg[2][7]
  Impl DFF        i:/WORK/System_Top/U_ASYNC_FIFO/U0_FIFO_MEM/mem_reg[2][7]

  Ref  DFF        r:/WORK/System_Top/U_ASYNC_FIFO/U0_FIFO_MEM/mem_reg[3][0]
  Impl DFF        i:/WORK/System_Top/U_ASYNC_FIFO/U0_FIFO_MEM/mem_reg[3][0]

  Ref  DFF        r:/WORK/System_Top/U_ASYNC_FIFO/U0_FIFO_MEM/mem_reg[3][1]
  Impl DFF        i:/WORK/System_Top/U_ASYNC_FIFO/U0_FIFO_MEM/mem_reg[3][1]

  Ref  DFF        r:/WORK/System_Top/U_ASYNC_FIFO/U0_FIFO_MEM/mem_reg[3][2]
  Impl DFF        i:/WORK/System_Top/U_ASYNC_FIFO/U0_FIFO_MEM/mem_reg[3][2]

  Ref  DFF        r:/WORK/System_Top/U_ASYNC_FIFO/U0_FIFO_MEM/mem_reg[3][3]
  Impl DFF        i:/WORK/System_Top/U_ASYNC_FIFO/U0_FIFO_MEM/mem_reg[3][3]

  Ref  DFF        r:/WORK/System_Top/U_ASYNC_FIFO/U0_FIFO_MEM/mem_reg[3][4]
  Impl DFF        i:/WORK/System_Top/U_ASYNC_FIFO/U0_FIFO_MEM/mem_reg[3][4]

  Ref  DFF        r:/WORK/System_Top/U_ASYNC_FIFO/U0_FIFO_MEM/mem_reg[3][5]
  Impl DFF        i:/WORK/System_Top/U_ASYNC_FIFO/U0_FIFO_MEM/mem_reg[3][5]

  Ref  DFF        r:/WORK/System_Top/U_ASYNC_FIFO/U0_FIFO_MEM/mem_reg[3][6]
  Impl DFF        i:/WORK/System_Top/U_ASYNC_FIFO/U0_FIFO_MEM/mem_reg[3][6]

  Ref  DFF        r:/WORK/System_Top/U_ASYNC_FIFO/U0_FIFO_MEM/mem_reg[3][7]
  Impl DFF        i:/WORK/System_Top/U_ASYNC_FIFO/U0_FIFO_MEM/mem_reg[3][7]

  Ref  DFF        r:/WORK/System_Top/U_ASYNC_FIFO/U0_FIFO_MEM/mem_reg[4][0]
  Impl DFF        i:/WORK/System_Top/U_ASYNC_FIFO/U0_FIFO_MEM/mem_reg[4][0]

  Ref  DFF        r:/WORK/System_Top/U_ASYNC_FIFO/U0_FIFO_MEM/mem_reg[4][1]
  Impl DFF        i:/WORK/System_Top/U_ASYNC_FIFO/U0_FIFO_MEM/mem_reg[4][1]

  Ref  DFF        r:/WORK/System_Top/U_ASYNC_FIFO/U0_FIFO_MEM/mem_reg[4][2]
  Impl DFF        i:/WORK/System_Top/U_ASYNC_FIFO/U0_FIFO_MEM/mem_reg[4][2]

  Ref  DFF        r:/WORK/System_Top/U_ASYNC_FIFO/U0_FIFO_MEM/mem_reg[4][3]
  Impl DFF        i:/WORK/System_Top/U_ASYNC_FIFO/U0_FIFO_MEM/mem_reg[4][3]

  Ref  DFF        r:/WORK/System_Top/U_ASYNC_FIFO/U0_FIFO_MEM/mem_reg[4][4]
  Impl DFF        i:/WORK/System_Top/U_ASYNC_FIFO/U0_FIFO_MEM/mem_reg[4][4]

  Ref  DFF        r:/WORK/System_Top/U_ASYNC_FIFO/U0_FIFO_MEM/mem_reg[4][5]
  Impl DFF        i:/WORK/System_Top/U_ASYNC_FIFO/U0_FIFO_MEM/mem_reg[4][5]

  Ref  DFF        r:/WORK/System_Top/U_ASYNC_FIFO/U0_FIFO_MEM/mem_reg[4][6]
  Impl DFF        i:/WORK/System_Top/U_ASYNC_FIFO/U0_FIFO_MEM/mem_reg[4][6]

  Ref  DFF        r:/WORK/System_Top/U_ASYNC_FIFO/U0_FIFO_MEM/mem_reg[4][7]
  Impl DFF        i:/WORK/System_Top/U_ASYNC_FIFO/U0_FIFO_MEM/mem_reg[4][7]

  Ref  DFF        r:/WORK/System_Top/U_ASYNC_FIFO/U0_FIFO_MEM/mem_reg[5][0]
  Impl DFF        i:/WORK/System_Top/U_ASYNC_FIFO/U0_FIFO_MEM/mem_reg[5][0]

  Ref  DFF        r:/WORK/System_Top/U_ASYNC_FIFO/U0_FIFO_MEM/mem_reg[5][1]
  Impl DFF        i:/WORK/System_Top/U_ASYNC_FIFO/U0_FIFO_MEM/mem_reg[5][1]

  Ref  DFF        r:/WORK/System_Top/U_ASYNC_FIFO/U0_FIFO_MEM/mem_reg[5][2]
  Impl DFF        i:/WORK/System_Top/U_ASYNC_FIFO/U0_FIFO_MEM/mem_reg[5][2]

  Ref  DFF        r:/WORK/System_Top/U_ASYNC_FIFO/U0_FIFO_MEM/mem_reg[5][3]
  Impl DFF        i:/WORK/System_Top/U_ASYNC_FIFO/U0_FIFO_MEM/mem_reg[5][3]

  Ref  DFF        r:/WORK/System_Top/U_ASYNC_FIFO/U0_FIFO_MEM/mem_reg[5][4]
  Impl DFF        i:/WORK/System_Top/U_ASYNC_FIFO/U0_FIFO_MEM/mem_reg[5][4]

  Ref  DFF        r:/WORK/System_Top/U_ASYNC_FIFO/U0_FIFO_MEM/mem_reg[5][5]
  Impl DFF        i:/WORK/System_Top/U_ASYNC_FIFO/U0_FIFO_MEM/mem_reg[5][5]

  Ref  DFF        r:/WORK/System_Top/U_ASYNC_FIFO/U0_FIFO_MEM/mem_reg[5][6]
  Impl DFF        i:/WORK/System_Top/U_ASYNC_FIFO/U0_FIFO_MEM/mem_reg[5][6]

  Ref  DFF        r:/WORK/System_Top/U_ASYNC_FIFO/U0_FIFO_MEM/mem_reg[5][7]
  Impl DFF        i:/WORK/System_Top/U_ASYNC_FIFO/U0_FIFO_MEM/mem_reg[5][7]

  Ref  DFF        r:/WORK/System_Top/U_ASYNC_FIFO/U0_FIFO_MEM/mem_reg[6][0]
  Impl DFF        i:/WORK/System_Top/U_ASYNC_FIFO/U0_FIFO_MEM/mem_reg[6][0]

  Ref  DFF        r:/WORK/System_Top/U_ASYNC_FIFO/U0_FIFO_MEM/mem_reg[6][1]
  Impl DFF        i:/WORK/System_Top/U_ASYNC_FIFO/U0_FIFO_MEM/mem_reg[6][1]

  Ref  DFF        r:/WORK/System_Top/U_ASYNC_FIFO/U0_FIFO_MEM/mem_reg[6][2]
  Impl DFF        i:/WORK/System_Top/U_ASYNC_FIFO/U0_FIFO_MEM/mem_reg[6][2]

  Ref  DFF        r:/WORK/System_Top/U_ASYNC_FIFO/U0_FIFO_MEM/mem_reg[6][3]
  Impl DFF        i:/WORK/System_Top/U_ASYNC_FIFO/U0_FIFO_MEM/mem_reg[6][3]

  Ref  DFF        r:/WORK/System_Top/U_ASYNC_FIFO/U0_FIFO_MEM/mem_reg[6][4]
  Impl DFF        i:/WORK/System_Top/U_ASYNC_FIFO/U0_FIFO_MEM/mem_reg[6][4]

  Ref  DFF        r:/WORK/System_Top/U_ASYNC_FIFO/U0_FIFO_MEM/mem_reg[6][5]
  Impl DFF        i:/WORK/System_Top/U_ASYNC_FIFO/U0_FIFO_MEM/mem_reg[6][5]

  Ref  DFF        r:/WORK/System_Top/U_ASYNC_FIFO/U0_FIFO_MEM/mem_reg[6][6]
  Impl DFF        i:/WORK/System_Top/U_ASYNC_FIFO/U0_FIFO_MEM/mem_reg[6][6]

  Ref  DFF        r:/WORK/System_Top/U_ASYNC_FIFO/U0_FIFO_MEM/mem_reg[6][7]
  Impl DFF        i:/WORK/System_Top/U_ASYNC_FIFO/U0_FIFO_MEM/mem_reg[6][7]

  Ref  DFF        r:/WORK/System_Top/U_ASYNC_FIFO/U0_FIFO_MEM/mem_reg[7][0]
  Impl DFF        i:/WORK/System_Top/U_ASYNC_FIFO/U0_FIFO_MEM/mem_reg[7][0]

  Ref  DFF        r:/WORK/System_Top/U_ASYNC_FIFO/U0_FIFO_MEM/mem_reg[7][1]
  Impl DFF        i:/WORK/System_Top/U_ASYNC_FIFO/U0_FIFO_MEM/mem_reg[7][1]

  Ref  DFF        r:/WORK/System_Top/U_ASYNC_FIFO/U0_FIFO_MEM/mem_reg[7][2]
  Impl DFF        i:/WORK/System_Top/U_ASYNC_FIFO/U0_FIFO_MEM/mem_reg[7][2]

  Ref  DFF        r:/WORK/System_Top/U_ASYNC_FIFO/U0_FIFO_MEM/mem_reg[7][3]
  Impl DFF        i:/WORK/System_Top/U_ASYNC_FIFO/U0_FIFO_MEM/mem_reg[7][3]

  Ref  DFF        r:/WORK/System_Top/U_ASYNC_FIFO/U0_FIFO_MEM/mem_reg[7][4]
  Impl DFF        i:/WORK/System_Top/U_ASYNC_FIFO/U0_FIFO_MEM/mem_reg[7][4]

  Ref  DFF        r:/WORK/System_Top/U_ASYNC_FIFO/U0_FIFO_MEM/mem_reg[7][5]
  Impl DFF        i:/WORK/System_Top/U_ASYNC_FIFO/U0_FIFO_MEM/mem_reg[7][5]

  Ref  DFF        r:/WORK/System_Top/U_ASYNC_FIFO/U0_FIFO_MEM/mem_reg[7][6]
  Impl DFF        i:/WORK/System_Top/U_ASYNC_FIFO/U0_FIFO_MEM/mem_reg[7][6]

  Ref  DFF        r:/WORK/System_Top/U_ASYNC_FIFO/U0_FIFO_MEM/mem_reg[7][7]
  Impl DFF        i:/WORK/System_Top/U_ASYNC_FIFO/U0_FIFO_MEM/mem_reg[7][7]

  Ref  DFF        r:/WORK/System_Top/U_ASYNC_FIFO/U1_FIFO_RD/bn_rd_ptr_reg[0]
  Impl DFF        i:/WORK/System_Top/U_ASYNC_FIFO/U1_FIFO_RD/bn_rd_ptr_reg[0]

  Ref  DFF        r:/WORK/System_Top/U_ASYNC_FIFO/U1_FIFO_RD/bn_rd_ptr_reg[1]
  Impl DFF        i:/WORK/System_Top/U_ASYNC_FIFO/U1_FIFO_RD/bn_rd_ptr_reg[1]

  Ref  DFF        r:/WORK/System_Top/U_ASYNC_FIFO/U1_FIFO_RD/bn_rd_ptr_reg[2]
  Impl DFF        i:/WORK/System_Top/U_ASYNC_FIFO/U1_FIFO_RD/bn_rd_ptr_reg[2]

  Ref  DFF        r:/WORK/System_Top/U_ASYNC_FIFO/U1_FIFO_RD/bn_rd_ptr_reg[3]
  Impl DFF        i:/WORK/System_Top/U_ASYNC_FIFO/U1_FIFO_RD/bn_rd_ptr_reg[3]

  Ref  DFF        r:/WORK/System_Top/U_ASYNC_FIFO/U1_FIFO_RD/gray_rd_ptr_reg[0]
  Impl DFF        i:/WORK/System_Top/U_ASYNC_FIFO/U1_FIFO_RD/gray_rd_ptr_reg[0]

  Ref  DFF        r:/WORK/System_Top/U_ASYNC_FIFO/U1_FIFO_RD/gray_rd_ptr_reg[1]
  Impl DFF        i:/WORK/System_Top/U_ASYNC_FIFO/U1_FIFO_RD/gray_rd_ptr_reg[1]

  Ref  DFF        r:/WORK/System_Top/U_ASYNC_FIFO/U1_FIFO_RD/gray_rd_ptr_reg[2]
  Impl DFF        i:/WORK/System_Top/U_ASYNC_FIFO/U1_FIFO_RD/gray_rd_ptr_reg[2]

  Ref  DFF        r:/WORK/System_Top/U_ASYNC_FIFO/U1_FIFO_RD/gray_rd_ptr_reg[3]
  Impl DFF        i:/WORK/System_Top/U_ASYNC_FIFO/U1_FIFO_RD/gray_rd_ptr_reg[3]

  Ref  DFF        r:/WORK/System_Top/U_ASYNC_FIFO/U1_FIFO_WR/bn_wr_ptr_reg[0]
  Impl DFF        i:/WORK/System_Top/U_ASYNC_FIFO/U1_FIFO_WR/bn_wr_ptr_reg[0]

  Ref  DFF        r:/WORK/System_Top/U_ASYNC_FIFO/U1_FIFO_WR/bn_wr_ptr_reg[1]
  Impl DFF        i:/WORK/System_Top/U_ASYNC_FIFO/U1_FIFO_WR/bn_wr_ptr_reg[1]

  Ref  DFF        r:/WORK/System_Top/U_ASYNC_FIFO/U1_FIFO_WR/bn_wr_ptr_reg[2]
  Impl DFF        i:/WORK/System_Top/U_ASYNC_FIFO/U1_FIFO_WR/bn_wr_ptr_reg[2]

  Ref  DFF        r:/WORK/System_Top/U_ASYNC_FIFO/U1_FIFO_WR/bn_wr_ptr_reg[3]
  Impl DFF        i:/WORK/System_Top/U_ASYNC_FIFO/U1_FIFO_WR/bn_wr_ptr_reg[3]

  Ref  DFF        r:/WORK/System_Top/U_ASYNC_FIFO/U1_FIFO_WR/gray_wr_ptr_reg[0]
  Impl DFF        i:/WORK/System_Top/U_ASYNC_FIFO/U1_FIFO_WR/gray_wr_ptr_reg[0]

  Ref  DFF        r:/WORK/System_Top/U_ASYNC_FIFO/U1_FIFO_WR/gray_wr_ptr_reg[1]
  Impl DFF        i:/WORK/System_Top/U_ASYNC_FIFO/U1_FIFO_WR/gray_wr_ptr_reg[1]

  Ref  DFF        r:/WORK/System_Top/U_ASYNC_FIFO/U1_FIFO_WR/gray_wr_ptr_reg[2]
  Impl DFF        i:/WORK/System_Top/U_ASYNC_FIFO/U1_FIFO_WR/gray_wr_ptr_reg[2]

  Ref  DFF        r:/WORK/System_Top/U_ASYNC_FIFO/U1_FIFO_WR/gray_wr_ptr_reg[3]
  Impl DFF        i:/WORK/System_Top/U_ASYNC_FIFO/U1_FIFO_WR/gray_wr_ptr_reg[3]

  Ref  DFF        r:/WORK/System_Top/U_ASYNC_FIFO/sync_r2w/Q_reg[0]
  Impl DFF        i:/WORK/System_Top/U_ASYNC_FIFO/sync_r2w/Q_reg[0]

  Ref  DFF        r:/WORK/System_Top/U_ASYNC_FIFO/sync_r2w/Q_reg[1]
  Impl DFF        i:/WORK/System_Top/U_ASYNC_FIFO/sync_r2w/Q_reg[1]

  Ref  DFF        r:/WORK/System_Top/U_ASYNC_FIFO/sync_r2w/Q_reg[2]
  Impl DFF        i:/WORK/System_Top/U_ASYNC_FIFO/sync_r2w/Q_reg[2]

  Ref  DFF        r:/WORK/System_Top/U_ASYNC_FIFO/sync_r2w/Q_reg[3]
  Impl DFF        i:/WORK/System_Top/U_ASYNC_FIFO/sync_r2w/Q_reg[3]

  Ref  DFF        r:/WORK/System_Top/U_ASYNC_FIFO/sync_r2w/out_reg[0]
  Impl DFF        i:/WORK/System_Top/U_ASYNC_FIFO/sync_r2w/out_reg[0]

  Ref  DFF        r:/WORK/System_Top/U_ASYNC_FIFO/sync_r2w/out_reg[1]
  Impl DFF        i:/WORK/System_Top/U_ASYNC_FIFO/sync_r2w/out_reg[1]

  Ref  DFF        r:/WORK/System_Top/U_ASYNC_FIFO/sync_r2w/out_reg[2]
  Impl DFF        i:/WORK/System_Top/U_ASYNC_FIFO/sync_r2w/out_reg[2]

  Ref  DFF        r:/WORK/System_Top/U_ASYNC_FIFO/sync_r2w/out_reg[3]
  Impl DFF        i:/WORK/System_Top/U_ASYNC_FIFO/sync_r2w/out_reg[3]

  Ref  DFF        r:/WORK/System_Top/U_ASYNC_FIFO/sync_w2r/Q_reg[0]
  Impl DFF        i:/WORK/System_Top/U_ASYNC_FIFO/sync_w2r/Q_reg[0]

  Ref  DFF        r:/WORK/System_Top/U_ASYNC_FIFO/sync_w2r/Q_reg[1]
  Impl DFF        i:/WORK/System_Top/U_ASYNC_FIFO/sync_w2r/Q_reg[1]

  Ref  DFF        r:/WORK/System_Top/U_ASYNC_FIFO/sync_w2r/Q_reg[2]
  Impl DFF        i:/WORK/System_Top/U_ASYNC_FIFO/sync_w2r/Q_reg[2]

  Ref  DFF        r:/WORK/System_Top/U_ASYNC_FIFO/sync_w2r/Q_reg[3]
  Impl DFF        i:/WORK/System_Top/U_ASYNC_FIFO/sync_w2r/Q_reg[3]

  Ref  DFF        r:/WORK/System_Top/U_ASYNC_FIFO/sync_w2r/out_reg[0]
  Impl DFF        i:/WORK/System_Top/U_ASYNC_FIFO/sync_w2r/out_reg[0]

  Ref  DFF        r:/WORK/System_Top/U_ASYNC_FIFO/sync_w2r/out_reg[1]
  Impl DFF        i:/WORK/System_Top/U_ASYNC_FIFO/sync_w2r/out_reg[1]

  Ref  DFF        r:/WORK/System_Top/U_ASYNC_FIFO/sync_w2r/out_reg[2]
  Impl DFF        i:/WORK/System_Top/U_ASYNC_FIFO/sync_w2r/out_reg[2]

  Ref  DFF        r:/WORK/System_Top/U_ASYNC_FIFO/sync_w2r/out_reg[3]
  Impl DFF        i:/WORK/System_Top/U_ASYNC_FIFO/sync_w2r/out_reg[3]

  Ref  DFF        r:/WORK/System_Top/U_DATA_SYNC/enable_pulse_reg
  Impl DFF        i:/WORK/System_Top/U_DATA_SYNC/enable_pulse_reg

  Ref  DFF        r:/WORK/System_Top/U_DATA_SYNC/pulse_ff_reg
  Impl DFF        i:/WORK/System_Top/U_DATA_SYNC/pulse_ff_reg

  Ref  DFF        r:/WORK/System_Top/U_DATA_SYNC/sync_bus_reg[0]
  Impl DFF        i:/WORK/System_Top/U_DATA_SYNC/sync_bus_reg[0]

  Ref  DFF        r:/WORK/System_Top/U_DATA_SYNC/sync_bus_reg[1]
  Impl DFF        i:/WORK/System_Top/U_DATA_SYNC/sync_bus_reg[1]

  Ref  DFF        r:/WORK/System_Top/U_DATA_SYNC/sync_bus_reg[2]
  Impl DFF        i:/WORK/System_Top/U_DATA_SYNC/sync_bus_reg[2]

  Ref  DFF        r:/WORK/System_Top/U_DATA_SYNC/sync_bus_reg[3]
  Impl DFF        i:/WORK/System_Top/U_DATA_SYNC/sync_bus_reg[3]

  Ref  DFF        r:/WORK/System_Top/U_DATA_SYNC/sync_bus_reg[4]
  Impl DFF        i:/WORK/System_Top/U_DATA_SYNC/sync_bus_reg[4]

  Ref  DFF        r:/WORK/System_Top/U_DATA_SYNC/sync_bus_reg[5]
  Impl DFF        i:/WORK/System_Top/U_DATA_SYNC/sync_bus_reg[5]

  Ref  DFF        r:/WORK/System_Top/U_DATA_SYNC/sync_bus_reg[6]
  Impl DFF        i:/WORK/System_Top/U_DATA_SYNC/sync_bus_reg[6]

  Ref  DFF        r:/WORK/System_Top/U_DATA_SYNC/sync_bus_reg[7]
  Impl DFF        i:/WORK/System_Top/U_DATA_SYNC/sync_bus_reg[7]

  Ref  DFF        r:/WORK/System_Top/U_DATA_SYNC/sync_ff_reg[0]
  Impl DFF        i:/WORK/System_Top/U_DATA_SYNC/sync_ff_reg[0]

  Ref  DFF        r:/WORK/System_Top/U_DATA_SYNC/sync_ff_reg[1]
  Impl DFF        i:/WORK/System_Top/U_DATA_SYNC/sync_ff_reg[1]

  Ref  DFF        r:/WORK/System_Top/U_PULSE_GEN/pls_flop_reg
  Impl DFF        i:/WORK/System_Top/U_PULSE_GEN/pls_flop_reg

  Ref  DFF        r:/WORK/System_Top/U_PULSE_GEN/rcv_flop_reg
  Impl DFF        i:/WORK/System_Top/U_PULSE_GEN/rcv_flop_reg

  Ref  DFF        r:/WORK/System_Top/U_REG_FILE/RdData_VLD_reg
  Impl DFF        i:/WORK/System_Top/U_REG_FILE/RdData_VLD_reg

  Ref  DFF        r:/WORK/System_Top/U_REG_FILE/RdData_reg[0]
  Impl DFF        i:/WORK/System_Top/U_REG_FILE/RdData_reg[0]

  Ref  DFF        r:/WORK/System_Top/U_REG_FILE/RdData_reg[1]
  Impl DFF        i:/WORK/System_Top/U_REG_FILE/RdData_reg[1]

  Ref  DFF        r:/WORK/System_Top/U_REG_FILE/RdData_reg[2]
  Impl DFF        i:/WORK/System_Top/U_REG_FILE/RdData_reg[2]

  Ref  DFF        r:/WORK/System_Top/U_REG_FILE/RdData_reg[3]
  Impl DFF        i:/WORK/System_Top/U_REG_FILE/RdData_reg[3]

  Ref  DFF        r:/WORK/System_Top/U_REG_FILE/RdData_reg[4]
  Impl DFF        i:/WORK/System_Top/U_REG_FILE/RdData_reg[4]

  Ref  DFF        r:/WORK/System_Top/U_REG_FILE/RdData_reg[5]
  Impl DFF        i:/WORK/System_Top/U_REG_FILE/RdData_reg[5]

  Ref  DFF        r:/WORK/System_Top/U_REG_FILE/RdData_reg[6]
  Impl DFF        i:/WORK/System_Top/U_REG_FILE/RdData_reg[6]

  Ref  DFF        r:/WORK/System_Top/U_REG_FILE/RdData_reg[7]
  Impl DFF        i:/WORK/System_Top/U_REG_FILE/RdData_reg[7]

  Ref  DFF        r:/WORK/System_Top/U_REG_FILE/Reg_File_reg[0][0]
  Impl DFF        i:/WORK/System_Top/U_REG_FILE/Reg_File_reg[0][0]

  Ref  DFF        r:/WORK/System_Top/U_REG_FILE/Reg_File_reg[0][1]
  Impl DFF        i:/WORK/System_Top/U_REG_FILE/Reg_File_reg[0][1]

  Ref  DFF        r:/WORK/System_Top/U_REG_FILE/Reg_File_reg[0][2]
  Impl DFF        i:/WORK/System_Top/U_REG_FILE/Reg_File_reg[0][2]

  Ref  DFF        r:/WORK/System_Top/U_REG_FILE/Reg_File_reg[0][3]
  Impl DFF        i:/WORK/System_Top/U_REG_FILE/Reg_File_reg[0][3]

  Ref  DFF        r:/WORK/System_Top/U_REG_FILE/Reg_File_reg[0][4]
  Impl DFF        i:/WORK/System_Top/U_REG_FILE/Reg_File_reg[0][4]

  Ref  DFF        r:/WORK/System_Top/U_REG_FILE/Reg_File_reg[0][5]
  Impl DFF        i:/WORK/System_Top/U_REG_FILE/Reg_File_reg[0][5]

  Ref  DFF        r:/WORK/System_Top/U_REG_FILE/Reg_File_reg[0][6]
  Impl DFF        i:/WORK/System_Top/U_REG_FILE/Reg_File_reg[0][6]

  Ref  DFF        r:/WORK/System_Top/U_REG_FILE/Reg_File_reg[0][7]
  Impl DFF        i:/WORK/System_Top/U_REG_FILE/Reg_File_reg[0][7]

  Ref  DFF        r:/WORK/System_Top/U_REG_FILE/Reg_File_reg[10][0]
  Impl DFF        i:/WORK/System_Top/U_REG_FILE/Reg_File_reg[10][0]

  Ref  DFF        r:/WORK/System_Top/U_REG_FILE/Reg_File_reg[10][1]
  Impl DFF        i:/WORK/System_Top/U_REG_FILE/Reg_File_reg[10][1]

  Ref  DFF        r:/WORK/System_Top/U_REG_FILE/Reg_File_reg[10][2]
  Impl DFF        i:/WORK/System_Top/U_REG_FILE/Reg_File_reg[10][2]

  Ref  DFF        r:/WORK/System_Top/U_REG_FILE/Reg_File_reg[10][3]
  Impl DFF        i:/WORK/System_Top/U_REG_FILE/Reg_File_reg[10][3]

  Ref  DFF        r:/WORK/System_Top/U_REG_FILE/Reg_File_reg[10][4]
  Impl DFF        i:/WORK/System_Top/U_REG_FILE/Reg_File_reg[10][4]

  Ref  DFF        r:/WORK/System_Top/U_REG_FILE/Reg_File_reg[10][5]
  Impl DFF        i:/WORK/System_Top/U_REG_FILE/Reg_File_reg[10][5]

  Ref  DFF        r:/WORK/System_Top/U_REG_FILE/Reg_File_reg[10][6]
  Impl DFF        i:/WORK/System_Top/U_REG_FILE/Reg_File_reg[10][6]

  Ref  DFF        r:/WORK/System_Top/U_REG_FILE/Reg_File_reg[10][7]
  Impl DFF        i:/WORK/System_Top/U_REG_FILE/Reg_File_reg[10][7]

  Ref  DFF        r:/WORK/System_Top/U_REG_FILE/Reg_File_reg[11][0]
  Impl DFF        i:/WORK/System_Top/U_REG_FILE/Reg_File_reg[11][0]

  Ref  DFF        r:/WORK/System_Top/U_REG_FILE/Reg_File_reg[11][1]
  Impl DFF        i:/WORK/System_Top/U_REG_FILE/Reg_File_reg[11][1]

  Ref  DFF        r:/WORK/System_Top/U_REG_FILE/Reg_File_reg[11][2]
  Impl DFF        i:/WORK/System_Top/U_REG_FILE/Reg_File_reg[11][2]

  Ref  DFF        r:/WORK/System_Top/U_REG_FILE/Reg_File_reg[11][3]
  Impl DFF        i:/WORK/System_Top/U_REG_FILE/Reg_File_reg[11][3]

  Ref  DFF        r:/WORK/System_Top/U_REG_FILE/Reg_File_reg[11][4]
  Impl DFF        i:/WORK/System_Top/U_REG_FILE/Reg_File_reg[11][4]

  Ref  DFF        r:/WORK/System_Top/U_REG_FILE/Reg_File_reg[11][5]
  Impl DFF        i:/WORK/System_Top/U_REG_FILE/Reg_File_reg[11][5]

  Ref  DFF        r:/WORK/System_Top/U_REG_FILE/Reg_File_reg[11][6]
  Impl DFF        i:/WORK/System_Top/U_REG_FILE/Reg_File_reg[11][6]

  Ref  DFF        r:/WORK/System_Top/U_REG_FILE/Reg_File_reg[11][7]
  Impl DFF        i:/WORK/System_Top/U_REG_FILE/Reg_File_reg[11][7]

  Ref  DFF        r:/WORK/System_Top/U_REG_FILE/Reg_File_reg[12][0]
  Impl DFF        i:/WORK/System_Top/U_REG_FILE/Reg_File_reg[12][0]

  Ref  DFF        r:/WORK/System_Top/U_REG_FILE/Reg_File_reg[12][1]
  Impl DFF        i:/WORK/System_Top/U_REG_FILE/Reg_File_reg[12][1]

  Ref  DFF        r:/WORK/System_Top/U_REG_FILE/Reg_File_reg[12][2]
  Impl DFF        i:/WORK/System_Top/U_REG_FILE/Reg_File_reg[12][2]

  Ref  DFF        r:/WORK/System_Top/U_REG_FILE/Reg_File_reg[12][3]
  Impl DFF        i:/WORK/System_Top/U_REG_FILE/Reg_File_reg[12][3]

  Ref  DFF        r:/WORK/System_Top/U_REG_FILE/Reg_File_reg[12][4]
  Impl DFF        i:/WORK/System_Top/U_REG_FILE/Reg_File_reg[12][4]

  Ref  DFF        r:/WORK/System_Top/U_REG_FILE/Reg_File_reg[12][5]
  Impl DFF        i:/WORK/System_Top/U_REG_FILE/Reg_File_reg[12][5]

  Ref  DFF        r:/WORK/System_Top/U_REG_FILE/Reg_File_reg[12][6]
  Impl DFF        i:/WORK/System_Top/U_REG_FILE/Reg_File_reg[12][6]

  Ref  DFF        r:/WORK/System_Top/U_REG_FILE/Reg_File_reg[12][7]
  Impl DFF        i:/WORK/System_Top/U_REG_FILE/Reg_File_reg[12][7]

  Ref  DFF        r:/WORK/System_Top/U_REG_FILE/Reg_File_reg[13][0]
  Impl DFF        i:/WORK/System_Top/U_REG_FILE/Reg_File_reg[13][0]

  Ref  DFF        r:/WORK/System_Top/U_REG_FILE/Reg_File_reg[13][1]
  Impl DFF        i:/WORK/System_Top/U_REG_FILE/Reg_File_reg[13][1]

  Ref  DFF        r:/WORK/System_Top/U_REG_FILE/Reg_File_reg[13][2]
  Impl DFF        i:/WORK/System_Top/U_REG_FILE/Reg_File_reg[13][2]

  Ref  DFF        r:/WORK/System_Top/U_REG_FILE/Reg_File_reg[13][3]
  Impl DFF        i:/WORK/System_Top/U_REG_FILE/Reg_File_reg[13][3]

  Ref  DFF        r:/WORK/System_Top/U_REG_FILE/Reg_File_reg[13][4]
  Impl DFF        i:/WORK/System_Top/U_REG_FILE/Reg_File_reg[13][4]

  Ref  DFF        r:/WORK/System_Top/U_REG_FILE/Reg_File_reg[13][5]
  Impl DFF        i:/WORK/System_Top/U_REG_FILE/Reg_File_reg[13][5]

  Ref  DFF        r:/WORK/System_Top/U_REG_FILE/Reg_File_reg[13][6]
  Impl DFF        i:/WORK/System_Top/U_REG_FILE/Reg_File_reg[13][6]

  Ref  DFF        r:/WORK/System_Top/U_REG_FILE/Reg_File_reg[13][7]
  Impl DFF        i:/WORK/System_Top/U_REG_FILE/Reg_File_reg[13][7]

  Ref  DFF        r:/WORK/System_Top/U_REG_FILE/Reg_File_reg[14][0]
  Impl DFF        i:/WORK/System_Top/U_REG_FILE/Reg_File_reg[14][0]

  Ref  DFF        r:/WORK/System_Top/U_REG_FILE/Reg_File_reg[14][1]
  Impl DFF        i:/WORK/System_Top/U_REG_FILE/Reg_File_reg[14][1]

  Ref  DFF        r:/WORK/System_Top/U_REG_FILE/Reg_File_reg[14][2]
  Impl DFF        i:/WORK/System_Top/U_REG_FILE/Reg_File_reg[14][2]

  Ref  DFF        r:/WORK/System_Top/U_REG_FILE/Reg_File_reg[14][3]
  Impl DFF        i:/WORK/System_Top/U_REG_FILE/Reg_File_reg[14][3]

  Ref  DFF        r:/WORK/System_Top/U_REG_FILE/Reg_File_reg[14][4]
  Impl DFF        i:/WORK/System_Top/U_REG_FILE/Reg_File_reg[14][4]

  Ref  DFF        r:/WORK/System_Top/U_REG_FILE/Reg_File_reg[14][5]
  Impl DFF        i:/WORK/System_Top/U_REG_FILE/Reg_File_reg[14][5]

  Ref  DFF        r:/WORK/System_Top/U_REG_FILE/Reg_File_reg[14][6]
  Impl DFF        i:/WORK/System_Top/U_REG_FILE/Reg_File_reg[14][6]

  Ref  DFF        r:/WORK/System_Top/U_REG_FILE/Reg_File_reg[14][7]
  Impl DFF        i:/WORK/System_Top/U_REG_FILE/Reg_File_reg[14][7]

  Ref  DFF        r:/WORK/System_Top/U_REG_FILE/Reg_File_reg[15][0]
  Impl DFF        i:/WORK/System_Top/U_REG_FILE/Reg_File_reg[15][0]

  Ref  DFF        r:/WORK/System_Top/U_REG_FILE/Reg_File_reg[15][1]
  Impl DFF        i:/WORK/System_Top/U_REG_FILE/Reg_File_reg[15][1]

  Ref  DFF        r:/WORK/System_Top/U_REG_FILE/Reg_File_reg[15][2]
  Impl DFF        i:/WORK/System_Top/U_REG_FILE/Reg_File_reg[15][2]

  Ref  DFF        r:/WORK/System_Top/U_REG_FILE/Reg_File_reg[15][3]
  Impl DFF        i:/WORK/System_Top/U_REG_FILE/Reg_File_reg[15][3]

  Ref  DFF        r:/WORK/System_Top/U_REG_FILE/Reg_File_reg[15][4]
  Impl DFF        i:/WORK/System_Top/U_REG_FILE/Reg_File_reg[15][4]

  Ref  DFF        r:/WORK/System_Top/U_REG_FILE/Reg_File_reg[15][5]
  Impl DFF        i:/WORK/System_Top/U_REG_FILE/Reg_File_reg[15][5]

  Ref  DFF        r:/WORK/System_Top/U_REG_FILE/Reg_File_reg[15][6]
  Impl DFF        i:/WORK/System_Top/U_REG_FILE/Reg_File_reg[15][6]

  Ref  DFF        r:/WORK/System_Top/U_REG_FILE/Reg_File_reg[15][7]
  Impl DFF        i:/WORK/System_Top/U_REG_FILE/Reg_File_reg[15][7]

  Ref  DFF        r:/WORK/System_Top/U_REG_FILE/Reg_File_reg[1][0]
  Impl DFF        i:/WORK/System_Top/U_REG_FILE/Reg_File_reg[1][0]

  Ref  DFF        r:/WORK/System_Top/U_REG_FILE/Reg_File_reg[1][1]
  Impl DFF        i:/WORK/System_Top/U_REG_FILE/Reg_File_reg[1][1]

  Ref  DFF        r:/WORK/System_Top/U_REG_FILE/Reg_File_reg[1][2]
  Impl DFF        i:/WORK/System_Top/U_REG_FILE/Reg_File_reg[1][2]

  Ref  DFF        r:/WORK/System_Top/U_REG_FILE/Reg_File_reg[1][3]
  Impl DFF        i:/WORK/System_Top/U_REG_FILE/Reg_File_reg[1][3]

  Ref  DFF        r:/WORK/System_Top/U_REG_FILE/Reg_File_reg[1][4]
  Impl DFF        i:/WORK/System_Top/U_REG_FILE/Reg_File_reg[1][4]

  Ref  DFF        r:/WORK/System_Top/U_REG_FILE/Reg_File_reg[1][5]
  Impl DFF        i:/WORK/System_Top/U_REG_FILE/Reg_File_reg[1][5]

  Ref  DFF        r:/WORK/System_Top/U_REG_FILE/Reg_File_reg[1][6]
  Impl DFF        i:/WORK/System_Top/U_REG_FILE/Reg_File_reg[1][6]

  Ref  DFF        r:/WORK/System_Top/U_REG_FILE/Reg_File_reg[1][7]
  Impl DFF        i:/WORK/System_Top/U_REG_FILE/Reg_File_reg[1][7]

  Ref  DFF        r:/WORK/System_Top/U_REG_FILE/Reg_File_reg[2][0]
  Impl DFF        i:/WORK/System_Top/U_REG_FILE/Reg_File_reg[2][0]

  Ref  DFF        r:/WORK/System_Top/U_REG_FILE/Reg_File_reg[2][1]
  Impl DFF        i:/WORK/System_Top/U_REG_FILE/Reg_File_reg[2][1]

  Ref  DFF        r:/WORK/System_Top/U_REG_FILE/Reg_File_reg[2][2]
  Impl DFF        i:/WORK/System_Top/U_REG_FILE/Reg_File_reg[2][2]

  Ref  DFF        r:/WORK/System_Top/U_REG_FILE/Reg_File_reg[2][3]
  Impl DFF        i:/WORK/System_Top/U_REG_FILE/Reg_File_reg[2][3]

  Ref  DFF        r:/WORK/System_Top/U_REG_FILE/Reg_File_reg[2][4]
  Impl DFF        i:/WORK/System_Top/U_REG_FILE/Reg_File_reg[2][4]

  Ref  DFF        r:/WORK/System_Top/U_REG_FILE/Reg_File_reg[2][5]
  Impl DFF        i:/WORK/System_Top/U_REG_FILE/Reg_File_reg[2][5]

  Ref  DFF        r:/WORK/System_Top/U_REG_FILE/Reg_File_reg[2][6]
  Impl DFF        i:/WORK/System_Top/U_REG_FILE/Reg_File_reg[2][6]

  Ref  DFF        r:/WORK/System_Top/U_REG_FILE/Reg_File_reg[2][7]
  Impl DFF        i:/WORK/System_Top/U_REG_FILE/Reg_File_reg[2][7]

  Ref  DFF        r:/WORK/System_Top/U_REG_FILE/Reg_File_reg[3][0]
  Impl DFF        i:/WORK/System_Top/U_REG_FILE/Reg_File_reg[3][0]

  Ref  DFF        r:/WORK/System_Top/U_REG_FILE/Reg_File_reg[3][1]
  Impl DFF        i:/WORK/System_Top/U_REG_FILE/Reg_File_reg[3][1]

  Ref  DFF        r:/WORK/System_Top/U_REG_FILE/Reg_File_reg[3][2]
  Impl DFF        i:/WORK/System_Top/U_REG_FILE/Reg_File_reg[3][2]

  Ref  DFF        r:/WORK/System_Top/U_REG_FILE/Reg_File_reg[3][3]
  Impl DFF        i:/WORK/System_Top/U_REG_FILE/Reg_File_reg[3][3]

  Ref  DFF        r:/WORK/System_Top/U_REG_FILE/Reg_File_reg[3][4]
  Impl DFF        i:/WORK/System_Top/U_REG_FILE/Reg_File_reg[3][4]

  Ref  DFF        r:/WORK/System_Top/U_REG_FILE/Reg_File_reg[3][5]
  Impl DFF        i:/WORK/System_Top/U_REG_FILE/Reg_File_reg[3][5]

  Ref  DFF        r:/WORK/System_Top/U_REG_FILE/Reg_File_reg[3][6]
  Impl DFF        i:/WORK/System_Top/U_REG_FILE/Reg_File_reg[3][6]

  Ref  DFF        r:/WORK/System_Top/U_REG_FILE/Reg_File_reg[3][7]
  Impl DFF        i:/WORK/System_Top/U_REG_FILE/Reg_File_reg[3][7]

  Ref  DFF        r:/WORK/System_Top/U_REG_FILE/Reg_File_reg[4][0]
  Impl DFF        i:/WORK/System_Top/U_REG_FILE/Reg_File_reg[4][0]

  Ref  DFF        r:/WORK/System_Top/U_REG_FILE/Reg_File_reg[4][1]
  Impl DFF        i:/WORK/System_Top/U_REG_FILE/Reg_File_reg[4][1]

  Ref  DFF        r:/WORK/System_Top/U_REG_FILE/Reg_File_reg[4][2]
  Impl DFF        i:/WORK/System_Top/U_REG_FILE/Reg_File_reg[4][2]

  Ref  DFF        r:/WORK/System_Top/U_REG_FILE/Reg_File_reg[4][3]
  Impl DFF        i:/WORK/System_Top/U_REG_FILE/Reg_File_reg[4][3]

  Ref  DFF        r:/WORK/System_Top/U_REG_FILE/Reg_File_reg[4][4]
  Impl DFF        i:/WORK/System_Top/U_REG_FILE/Reg_File_reg[4][4]

  Ref  DFF        r:/WORK/System_Top/U_REG_FILE/Reg_File_reg[4][5]
  Impl DFF        i:/WORK/System_Top/U_REG_FILE/Reg_File_reg[4][5]

  Ref  DFF        r:/WORK/System_Top/U_REG_FILE/Reg_File_reg[4][6]
  Impl DFF        i:/WORK/System_Top/U_REG_FILE/Reg_File_reg[4][6]

  Ref  DFF        r:/WORK/System_Top/U_REG_FILE/Reg_File_reg[4][7]
  Impl DFF        i:/WORK/System_Top/U_REG_FILE/Reg_File_reg[4][7]

  Ref  DFF        r:/WORK/System_Top/U_REG_FILE/Reg_File_reg[5][0]
  Impl DFF        i:/WORK/System_Top/U_REG_FILE/Reg_File_reg[5][0]

  Ref  DFF        r:/WORK/System_Top/U_REG_FILE/Reg_File_reg[5][1]
  Impl DFF        i:/WORK/System_Top/U_REG_FILE/Reg_File_reg[5][1]

  Ref  DFF        r:/WORK/System_Top/U_REG_FILE/Reg_File_reg[5][2]
  Impl DFF        i:/WORK/System_Top/U_REG_FILE/Reg_File_reg[5][2]

  Ref  DFF        r:/WORK/System_Top/U_REG_FILE/Reg_File_reg[5][3]
  Impl DFF        i:/WORK/System_Top/U_REG_FILE/Reg_File_reg[5][3]

  Ref  DFF        r:/WORK/System_Top/U_REG_FILE/Reg_File_reg[5][4]
  Impl DFF        i:/WORK/System_Top/U_REG_FILE/Reg_File_reg[5][4]

  Ref  DFF        r:/WORK/System_Top/U_REG_FILE/Reg_File_reg[5][5]
  Impl DFF        i:/WORK/System_Top/U_REG_FILE/Reg_File_reg[5][5]

  Ref  DFF        r:/WORK/System_Top/U_REG_FILE/Reg_File_reg[5][6]
  Impl DFF        i:/WORK/System_Top/U_REG_FILE/Reg_File_reg[5][6]

  Ref  DFF        r:/WORK/System_Top/U_REG_FILE/Reg_File_reg[5][7]
  Impl DFF        i:/WORK/System_Top/U_REG_FILE/Reg_File_reg[5][7]

  Ref  DFF        r:/WORK/System_Top/U_REG_FILE/Reg_File_reg[6][0]
  Impl DFF        i:/WORK/System_Top/U_REG_FILE/Reg_File_reg[6][0]

  Ref  DFF        r:/WORK/System_Top/U_REG_FILE/Reg_File_reg[6][1]
  Impl DFF        i:/WORK/System_Top/U_REG_FILE/Reg_File_reg[6][1]

  Ref  DFF        r:/WORK/System_Top/U_REG_FILE/Reg_File_reg[6][2]
  Impl DFF        i:/WORK/System_Top/U_REG_FILE/Reg_File_reg[6][2]

  Ref  DFF        r:/WORK/System_Top/U_REG_FILE/Reg_File_reg[6][3]
  Impl DFF        i:/WORK/System_Top/U_REG_FILE/Reg_File_reg[6][3]

  Ref  DFF        r:/WORK/System_Top/U_REG_FILE/Reg_File_reg[6][4]
  Impl DFF        i:/WORK/System_Top/U_REG_FILE/Reg_File_reg[6][4]

  Ref  DFF        r:/WORK/System_Top/U_REG_FILE/Reg_File_reg[6][5]
  Impl DFF        i:/WORK/System_Top/U_REG_FILE/Reg_File_reg[6][5]

  Ref  DFF        r:/WORK/System_Top/U_REG_FILE/Reg_File_reg[6][6]
  Impl DFF        i:/WORK/System_Top/U_REG_FILE/Reg_File_reg[6][6]

  Ref  DFF        r:/WORK/System_Top/U_REG_FILE/Reg_File_reg[6][7]
  Impl DFF        i:/WORK/System_Top/U_REG_FILE/Reg_File_reg[6][7]

  Ref  DFF        r:/WORK/System_Top/U_REG_FILE/Reg_File_reg[7][0]
  Impl DFF        i:/WORK/System_Top/U_REG_FILE/Reg_File_reg[7][0]

  Ref  DFF        r:/WORK/System_Top/U_REG_FILE/Reg_File_reg[7][1]
  Impl DFF        i:/WORK/System_Top/U_REG_FILE/Reg_File_reg[7][1]

  Ref  DFF        r:/WORK/System_Top/U_REG_FILE/Reg_File_reg[7][2]
  Impl DFF        i:/WORK/System_Top/U_REG_FILE/Reg_File_reg[7][2]

  Ref  DFF        r:/WORK/System_Top/U_REG_FILE/Reg_File_reg[7][3]
  Impl DFF        i:/WORK/System_Top/U_REG_FILE/Reg_File_reg[7][3]

  Ref  DFF        r:/WORK/System_Top/U_REG_FILE/Reg_File_reg[7][4]
  Impl DFF        i:/WORK/System_Top/U_REG_FILE/Reg_File_reg[7][4]

  Ref  DFF        r:/WORK/System_Top/U_REG_FILE/Reg_File_reg[7][5]
  Impl DFF        i:/WORK/System_Top/U_REG_FILE/Reg_File_reg[7][5]

  Ref  DFF        r:/WORK/System_Top/U_REG_FILE/Reg_File_reg[7][6]
  Impl DFF        i:/WORK/System_Top/U_REG_FILE/Reg_File_reg[7][6]

  Ref  DFF        r:/WORK/System_Top/U_REG_FILE/Reg_File_reg[7][7]
  Impl DFF        i:/WORK/System_Top/U_REG_FILE/Reg_File_reg[7][7]

  Ref  DFF        r:/WORK/System_Top/U_REG_FILE/Reg_File_reg[8][0]
  Impl DFF        i:/WORK/System_Top/U_REG_FILE/Reg_File_reg[8][0]

  Ref  DFF        r:/WORK/System_Top/U_REG_FILE/Reg_File_reg[8][1]
  Impl DFF        i:/WORK/System_Top/U_REG_FILE/Reg_File_reg[8][1]

  Ref  DFF        r:/WORK/System_Top/U_REG_FILE/Reg_File_reg[8][2]
  Impl DFF        i:/WORK/System_Top/U_REG_FILE/Reg_File_reg[8][2]

  Ref  DFF        r:/WORK/System_Top/U_REG_FILE/Reg_File_reg[8][3]
  Impl DFF        i:/WORK/System_Top/U_REG_FILE/Reg_File_reg[8][3]

  Ref  DFF        r:/WORK/System_Top/U_REG_FILE/Reg_File_reg[8][4]
  Impl DFF        i:/WORK/System_Top/U_REG_FILE/Reg_File_reg[8][4]

  Ref  DFF        r:/WORK/System_Top/U_REG_FILE/Reg_File_reg[8][5]
  Impl DFF        i:/WORK/System_Top/U_REG_FILE/Reg_File_reg[8][5]

  Ref  DFF        r:/WORK/System_Top/U_REG_FILE/Reg_File_reg[8][6]
  Impl DFF        i:/WORK/System_Top/U_REG_FILE/Reg_File_reg[8][6]

  Ref  DFF        r:/WORK/System_Top/U_REG_FILE/Reg_File_reg[8][7]
  Impl DFF        i:/WORK/System_Top/U_REG_FILE/Reg_File_reg[8][7]

  Ref  DFF        r:/WORK/System_Top/U_REG_FILE/Reg_File_reg[9][0]
  Impl DFF        i:/WORK/System_Top/U_REG_FILE/Reg_File_reg[9][0]

  Ref  DFF        r:/WORK/System_Top/U_REG_FILE/Reg_File_reg[9][1]
  Impl DFF        i:/WORK/System_Top/U_REG_FILE/Reg_File_reg[9][1]

  Ref  DFF        r:/WORK/System_Top/U_REG_FILE/Reg_File_reg[9][2]
  Impl DFF        i:/WORK/System_Top/U_REG_FILE/Reg_File_reg[9][2]

  Ref  DFF        r:/WORK/System_Top/U_REG_FILE/Reg_File_reg[9][3]
  Impl DFF        i:/WORK/System_Top/U_REG_FILE/Reg_File_reg[9][3]

  Ref  DFF        r:/WORK/System_Top/U_REG_FILE/Reg_File_reg[9][4]
  Impl DFF        i:/WORK/System_Top/U_REG_FILE/Reg_File_reg[9][4]

  Ref  DFF        r:/WORK/System_Top/U_REG_FILE/Reg_File_reg[9][5]
  Impl DFF        i:/WORK/System_Top/U_REG_FILE/Reg_File_reg[9][5]

  Ref  DFF        r:/WORK/System_Top/U_REG_FILE/Reg_File_reg[9][6]
  Impl DFF        i:/WORK/System_Top/U_REG_FILE/Reg_File_reg[9][6]

  Ref  DFF        r:/WORK/System_Top/U_REG_FILE/Reg_File_reg[9][7]
  Impl DFF        i:/WORK/System_Top/U_REG_FILE/Reg_File_reg[9][7]

  Ref  DFF        r:/WORK/System_Top/U_SYS_CTRL/ALU_OUT_reg_reg[0]
  Impl DFF        i:/WORK/System_Top/U_SYS_CTRL/ALU_OUT_reg_reg[0]

  Ref  DFF        r:/WORK/System_Top/U_SYS_CTRL/ALU_OUT_reg_reg[10]
  Impl DFF        i:/WORK/System_Top/U_SYS_CTRL/ALU_OUT_reg_reg[10]

  Ref  DFF        r:/WORK/System_Top/U_SYS_CTRL/ALU_OUT_reg_reg[11]
  Impl DFF        i:/WORK/System_Top/U_SYS_CTRL/ALU_OUT_reg_reg[11]

  Ref  DFF        r:/WORK/System_Top/U_SYS_CTRL/ALU_OUT_reg_reg[12]
  Impl DFF        i:/WORK/System_Top/U_SYS_CTRL/ALU_OUT_reg_reg[12]

  Ref  DFF        r:/WORK/System_Top/U_SYS_CTRL/ALU_OUT_reg_reg[13]
  Impl DFF        i:/WORK/System_Top/U_SYS_CTRL/ALU_OUT_reg_reg[13]

  Ref  DFF        r:/WORK/System_Top/U_SYS_CTRL/ALU_OUT_reg_reg[14]
  Impl DFF        i:/WORK/System_Top/U_SYS_CTRL/ALU_OUT_reg_reg[14]

  Ref  DFF        r:/WORK/System_Top/U_SYS_CTRL/ALU_OUT_reg_reg[15]
  Impl DFF        i:/WORK/System_Top/U_SYS_CTRL/ALU_OUT_reg_reg[15]

  Ref  DFF        r:/WORK/System_Top/U_SYS_CTRL/ALU_OUT_reg_reg[1]
  Impl DFF        i:/WORK/System_Top/U_SYS_CTRL/ALU_OUT_reg_reg[1]

  Ref  DFF        r:/WORK/System_Top/U_SYS_CTRL/ALU_OUT_reg_reg[2]
  Impl DFF        i:/WORK/System_Top/U_SYS_CTRL/ALU_OUT_reg_reg[2]

  Ref  DFF        r:/WORK/System_Top/U_SYS_CTRL/ALU_OUT_reg_reg[3]
  Impl DFF        i:/WORK/System_Top/U_SYS_CTRL/ALU_OUT_reg_reg[3]

  Ref  DFF        r:/WORK/System_Top/U_SYS_CTRL/ALU_OUT_reg_reg[4]
  Impl DFF        i:/WORK/System_Top/U_SYS_CTRL/ALU_OUT_reg_reg[4]

  Ref  DFF        r:/WORK/System_Top/U_SYS_CTRL/ALU_OUT_reg_reg[5]
  Impl DFF        i:/WORK/System_Top/U_SYS_CTRL/ALU_OUT_reg_reg[5]

  Ref  DFF        r:/WORK/System_Top/U_SYS_CTRL/ALU_OUT_reg_reg[6]
  Impl DFF        i:/WORK/System_Top/U_SYS_CTRL/ALU_OUT_reg_reg[6]

  Ref  DFF        r:/WORK/System_Top/U_SYS_CTRL/ALU_OUT_reg_reg[7]
  Impl DFF        i:/WORK/System_Top/U_SYS_CTRL/ALU_OUT_reg_reg[7]

  Ref  DFF        r:/WORK/System_Top/U_SYS_CTRL/ALU_OUT_reg_reg[8]
  Impl DFF        i:/WORK/System_Top/U_SYS_CTRL/ALU_OUT_reg_reg[8]

  Ref  DFF        r:/WORK/System_Top/U_SYS_CTRL/ALU_OUT_reg_reg[9]
  Impl DFF        i:/WORK/System_Top/U_SYS_CTRL/ALU_OUT_reg_reg[9]

  Ref  DFF        r:/WORK/System_Top/U_SYS_CTRL/Address_reg_reg[0]
  Impl DFF        i:/WORK/System_Top/U_SYS_CTRL/Address_reg_reg[0]

  Ref  DFF        r:/WORK/System_Top/U_SYS_CTRL/Address_reg_reg[1]
  Impl DFF        i:/WORK/System_Top/U_SYS_CTRL/Address_reg_reg[1]

  Ref  DFF        r:/WORK/System_Top/U_SYS_CTRL/Address_reg_reg[2]
  Impl DFF        i:/WORK/System_Top/U_SYS_CTRL/Address_reg_reg[2]

  Ref  DFF        r:/WORK/System_Top/U_SYS_CTRL/Address_reg_reg[3]
  Impl DFF        i:/WORK/System_Top/U_SYS_CTRL/Address_reg_reg[3]

  Ref  DFF        r:/WORK/System_Top/U_SYS_CTRL/current_state_reg[0]
  Impl DFF        i:/WORK/System_Top/U_SYS_CTRL/current_state_reg[0]

  Ref  DFF        r:/WORK/System_Top/U_SYS_CTRL/current_state_reg[1]
  Impl DFF        i:/WORK/System_Top/U_SYS_CTRL/current_state_reg[1]

  Ref  DFF        r:/WORK/System_Top/U_SYS_CTRL/current_state_reg[2]
  Impl DFF        i:/WORK/System_Top/U_SYS_CTRL/current_state_reg[2]

  Ref  DFF        r:/WORK/System_Top/U_SYS_CTRL/current_state_reg[3]
  Impl DFF        i:/WORK/System_Top/U_SYS_CTRL/current_state_reg[3]

  Ref  DFF        r:/WORK/System_Top/U_UART/U0_UART_RX/counter/bit_cnt_reg[0]
  Impl DFF        i:/WORK/System_Top/U_UART/U0_UART_RX/counter/bit_cnt_reg[0]

  Ref  DFF        r:/WORK/System_Top/U_UART/U0_UART_RX/counter/bit_cnt_reg[1]
  Impl DFF        i:/WORK/System_Top/U_UART/U0_UART_RX/counter/bit_cnt_reg[1]

  Ref  DFF        r:/WORK/System_Top/U_UART/U0_UART_RX/counter/bit_cnt_reg[2]
  Impl DFF        i:/WORK/System_Top/U_UART/U0_UART_RX/counter/bit_cnt_reg[2]

  Ref  DFF        r:/WORK/System_Top/U_UART/U0_UART_RX/counter/bit_cnt_reg[3]
  Impl DFF        i:/WORK/System_Top/U_UART/U0_UART_RX/counter/bit_cnt_reg[3]

  Ref  DFF        r:/WORK/System_Top/U_UART/U0_UART_RX/counter/edge_cnt_reg[0]
  Impl DFF        i:/WORK/System_Top/U_UART/U0_UART_RX/counter/edge_cnt_reg[0]

  Ref  DFF        r:/WORK/System_Top/U_UART/U0_UART_RX/counter/edge_cnt_reg[1]
  Impl DFF        i:/WORK/System_Top/U_UART/U0_UART_RX/counter/edge_cnt_reg[1]

  Ref  DFF        r:/WORK/System_Top/U_UART/U0_UART_RX/counter/edge_cnt_reg[2]
  Impl DFF        i:/WORK/System_Top/U_UART/U0_UART_RX/counter/edge_cnt_reg[2]

  Ref  DFF        r:/WORK/System_Top/U_UART/U0_UART_RX/counter/edge_cnt_reg[3]
  Impl DFF        i:/WORK/System_Top/U_UART/U0_UART_RX/counter/edge_cnt_reg[3]

  Ref  DFF        r:/WORK/System_Top/U_UART/U0_UART_RX/counter/edge_cnt_reg[4]
  Impl DFF        i:/WORK/System_Top/U_UART/U0_UART_RX/counter/edge_cnt_reg[4]

  Ref  DFF        r:/WORK/System_Top/U_UART/U0_UART_RX/counter/edge_cnt_reg[5]
  Impl DFF        i:/WORK/System_Top/U_UART/U0_UART_RX/counter/edge_cnt_reg[5]

  Ref  DFF        r:/WORK/System_Top/U_UART/U0_UART_RX/data_samp/sample1_reg
  Impl DFF        i:/WORK/System_Top/U_UART/U0_UART_RX/data_samp/sample1_reg

  Ref  DFF        r:/WORK/System_Top/U_UART/U0_UART_RX/data_samp/sample2_reg
  Impl DFF        i:/WORK/System_Top/U_UART/U0_UART_RX/data_samp/sample2_reg

  Ref  DFF        r:/WORK/System_Top/U_UART/U0_UART_RX/data_samp/sample3_reg
  Impl DFF        i:/WORK/System_Top/U_UART/U0_UART_RX/data_samp/sample3_reg

  Ref  DFF        r:/WORK/System_Top/U_UART/U0_UART_RX/data_samp/sampled_bit_reg
  Impl DFF        i:/WORK/System_Top/U_UART/U0_UART_RX/data_samp/sampled_bit_reg

  Ref  DFF        r:/WORK/System_Top/U_UART/U0_UART_RX/deserial/P_DATA_reg[0]
  Impl DFF        i:/WORK/System_Top/U_UART/U0_UART_RX/deserial/P_DATA_reg[0]

  Ref  DFF        r:/WORK/System_Top/U_UART/U0_UART_RX/deserial/P_DATA_reg[1]
  Impl DFF        i:/WORK/System_Top/U_UART/U0_UART_RX/deserial/P_DATA_reg[1]

  Ref  DFF        r:/WORK/System_Top/U_UART/U0_UART_RX/deserial/P_DATA_reg[2]
  Impl DFF        i:/WORK/System_Top/U_UART/U0_UART_RX/deserial/P_DATA_reg[2]

  Ref  DFF        r:/WORK/System_Top/U_UART/U0_UART_RX/deserial/P_DATA_reg[3]
  Impl DFF        i:/WORK/System_Top/U_UART/U0_UART_RX/deserial/P_DATA_reg[3]

  Ref  DFF        r:/WORK/System_Top/U_UART/U0_UART_RX/deserial/P_DATA_reg[4]
  Impl DFF        i:/WORK/System_Top/U_UART/U0_UART_RX/deserial/P_DATA_reg[4]

  Ref  DFF        r:/WORK/System_Top/U_UART/U0_UART_RX/deserial/P_DATA_reg[5]
  Impl DFF        i:/WORK/System_Top/U_UART/U0_UART_RX/deserial/P_DATA_reg[5]

  Ref  DFF        r:/WORK/System_Top/U_UART/U0_UART_RX/deserial/P_DATA_reg[6]
  Impl DFF        i:/WORK/System_Top/U_UART/U0_UART_RX/deserial/P_DATA_reg[6]

  Ref  DFF        r:/WORK/System_Top/U_UART/U0_UART_RX/deserial/P_DATA_reg[7]
  Impl DFF        i:/WORK/System_Top/U_UART/U0_UART_RX/deserial/P_DATA_reg[7]

  Ref  DFF        r:/WORK/System_Top/U_UART/U0_UART_RX/deserial/counter_reg[0]
  Impl DFF        i:/WORK/System_Top/U_UART/U0_UART_RX/deserial/counter_reg[0]

  Ref  DFF        r:/WORK/System_Top/U_UART/U0_UART_RX/deserial/counter_reg[1]
  Impl DFF        i:/WORK/System_Top/U_UART/U0_UART_RX/deserial/counter_reg[1]

  Ref  DFF        r:/WORK/System_Top/U_UART/U0_UART_RX/deserial/counter_reg[2]
  Impl DFF        i:/WORK/System_Top/U_UART/U0_UART_RX/deserial/counter_reg[2]

  Ref  DFF        r:/WORK/System_Top/U_UART/U0_UART_RX/fsm/current_state_reg[0]
  Impl DFF        i:/WORK/System_Top/U_UART/U0_UART_RX/fsm/current_state_reg[0]

  Ref  DFF        r:/WORK/System_Top/U_UART/U0_UART_RX/fsm/current_state_reg[1]
  Impl DFF        i:/WORK/System_Top/U_UART/U0_UART_RX/fsm/current_state_reg[1]

  Ref  DFF        r:/WORK/System_Top/U_UART/U0_UART_RX/fsm/current_state_reg[2]
  Impl DFF        i:/WORK/System_Top/U_UART/U0_UART_RX/fsm/current_state_reg[2]

  Ref  DFF        r:/WORK/System_Top/U_UART/U0_UART_RX/par_chk/par_err_reg
  Impl DFF        i:/WORK/System_Top/U_UART/U0_UART_RX/par_chk/par_err_reg

  Ref  DFF        r:/WORK/System_Top/U_UART/U0_UART_RX/stp_chk/stp_err_reg
  Impl DFF        i:/WORK/System_Top/U_UART/U0_UART_RX/stp_chk/stp_err_reg

  Ref  DFF        r:/WORK/System_Top/U_UART/U0_UART_RX/strt_chk/strt_glitch_reg
  Impl DFF        i:/WORK/System_Top/U_UART/U0_UART_RX/strt_chk/strt_glitch_reg

  Ref  DFF        r:/WORK/System_Top/U_UART/U0_UART_TX/fsm/busy_reg
  Impl DFF        i:/WORK/System_Top/U_UART/U0_UART_TX/fsm/busy_reg

  Ref  DFF        r:/WORK/System_Top/U_UART/U0_UART_TX/fsm/current_state_reg[0]
  Impl DFF        i:/WORK/System_Top/U_UART/U0_UART_TX/fsm/current_state_reg[0]

  Ref  DFF        r:/WORK/System_Top/U_UART/U0_UART_TX/fsm/current_state_reg[1]
  Impl DFF        i:/WORK/System_Top/U_UART/U0_UART_TX/fsm/current_state_reg[1]

  Ref  DFF        r:/WORK/System_Top/U_UART/U0_UART_TX/fsm/current_state_reg[2]
  Impl DFF        i:/WORK/System_Top/U_UART/U0_UART_TX/fsm/current_state_reg[2]

  Ref  DFF        r:/WORK/System_Top/U_UART/U0_UART_TX/mux/TX_OUT_reg
  Impl DFF        i:/WORK/System_Top/U_UART/U0_UART_TX/mux/TX_OUT_reg

  Ref  DFF        r:/WORK/System_Top/U_UART/U0_UART_TX/par_calc/Data_reg[0]
  Impl DFF        i:/WORK/System_Top/U_UART/U0_UART_TX/par_calc/Data_reg[0]

  Ref  DFF        r:/WORK/System_Top/U_UART/U0_UART_TX/par_calc/Data_reg[1]
  Impl DFF        i:/WORK/System_Top/U_UART/U0_UART_TX/par_calc/Data_reg[1]

  Ref  DFF        r:/WORK/System_Top/U_UART/U0_UART_TX/par_calc/Data_reg[2]
  Impl DFF        i:/WORK/System_Top/U_UART/U0_UART_TX/par_calc/Data_reg[2]

  Ref  DFF        r:/WORK/System_Top/U_UART/U0_UART_TX/par_calc/Data_reg[3]
  Impl DFF        i:/WORK/System_Top/U_UART/U0_UART_TX/par_calc/Data_reg[3]

  Ref  DFF        r:/WORK/System_Top/U_UART/U0_UART_TX/par_calc/Data_reg[4]
  Impl DFF        i:/WORK/System_Top/U_UART/U0_UART_TX/par_calc/Data_reg[4]

  Ref  DFF        r:/WORK/System_Top/U_UART/U0_UART_TX/par_calc/Data_reg[5]
  Impl DFF        i:/WORK/System_Top/U_UART/U0_UART_TX/par_calc/Data_reg[5]

  Ref  DFF        r:/WORK/System_Top/U_UART/U0_UART_TX/par_calc/Data_reg[6]
  Impl DFF        i:/WORK/System_Top/U_UART/U0_UART_TX/par_calc/Data_reg[6]

  Ref  DFF        r:/WORK/System_Top/U_UART/U0_UART_TX/par_calc/Data_reg[7]
  Impl DFF        i:/WORK/System_Top/U_UART/U0_UART_TX/par_calc/Data_reg[7]

  Ref  DFF        r:/WORK/System_Top/U_UART/U0_UART_TX/par_calc/par_bit_reg
  Impl DFF        i:/WORK/System_Top/U_UART/U0_UART_TX/par_calc/par_bit_reg

  Ref  DFF        r:/WORK/System_Top/U_UART/U0_UART_TX/ser/counter_reg[0]
  Impl DFF        i:/WORK/System_Top/U_UART/U0_UART_TX/ser/counter_reg[0]

  Ref  DFF        r:/WORK/System_Top/U_UART/U0_UART_TX/ser/counter_reg[1]
  Impl DFF        i:/WORK/System_Top/U_UART/U0_UART_TX/ser/counter_reg[1]

  Ref  DFF        r:/WORK/System_Top/U_UART/U0_UART_TX/ser/counter_reg[2]
  Impl DFF        i:/WORK/System_Top/U_UART/U0_UART_TX/ser/counter_reg[2]

  Ref  DFF        r:/WORK/System_Top/U_UART/U0_UART_TX/ser/shift_reg_reg[0]
  Impl DFF        i:/WORK/System_Top/U_UART/U0_UART_TX/ser/shift_reg_reg[0]

  Ref  DFF        r:/WORK/System_Top/U_UART/U0_UART_TX/ser/shift_reg_reg[1]
  Impl DFF        i:/WORK/System_Top/U_UART/U0_UART_TX/ser/shift_reg_reg[1]

  Ref  DFF        r:/WORK/System_Top/U_UART/U0_UART_TX/ser/shift_reg_reg[2]
  Impl DFF        i:/WORK/System_Top/U_UART/U0_UART_TX/ser/shift_reg_reg[2]

  Ref  DFF        r:/WORK/System_Top/U_UART/U0_UART_TX/ser/shift_reg_reg[3]
  Impl DFF        i:/WORK/System_Top/U_UART/U0_UART_TX/ser/shift_reg_reg[3]

  Ref  DFF        r:/WORK/System_Top/U_UART/U0_UART_TX/ser/shift_reg_reg[4]
  Impl DFF        i:/WORK/System_Top/U_UART/U0_UART_TX/ser/shift_reg_reg[4]

  Ref  DFF        r:/WORK/System_Top/U_UART/U0_UART_TX/ser/shift_reg_reg[5]
  Impl DFF        i:/WORK/System_Top/U_UART/U0_UART_TX/ser/shift_reg_reg[5]

  Ref  DFF        r:/WORK/System_Top/U_UART/U0_UART_TX/ser/shift_reg_reg[6]
  Impl DFF        i:/WORK/System_Top/U_UART/U0_UART_TX/ser/shift_reg_reg[6]

  Ref  DFF        r:/WORK/System_Top/U_UART/U0_UART_TX/ser/shift_reg_reg[7]
  Impl DFF        i:/WORK/System_Top/U_UART/U0_UART_TX/ser/shift_reg_reg[7]

  Ref  Port       r:/WORK/System_Top/UART_TX_OUT
  Impl Port       i:/WORK/System_Top/UART_TX_OUT

  Ref  Port       r:/WORK/System_Top/framing_error
  Impl Port       i:/WORK/System_Top/framing_error

  Ref  Port       r:/WORK/System_Top/parity_error
  Impl Port       i:/WORK/System_Top/parity_error

 [BBNet: multiply-driven net
  BBPin: black-box pin
  Cut:   cut-point
  DFF:   non-constant DFF register
  DFF0:  constant 0 DFF register
  DFF1:  constant 1 DFF register
  DFFX:  constant X DFF register
  DFF0X: constrained 0X DFF register
  DFF1X: constrained 1X DFF register
  LAT:   non-constant latch register
  LAT0:  constant 0 latch register
  LAT1:  constant 1 latch register
  LATX:  constant X latch register
  LAT0X: constrained 0X latch register
  LAT1X: constrained 1X latch register
  LATCG: clock-gating latch register
  TLA:   transparent latch register
  TLA0X: transparent constrained 0X latch register
  TLA1X: transparent constrained 1X latch register
  Loop:  cycle break point
  Port:  primary (top-level) port
  Und:   undriven signal cut-point
  Unk:   unknown signal cut-point]

1
